<?xml version="1.0" encoding="UTF-8"?>
<testng-results ignored="0" total="2" passed="2" failed="0" skipped="0">
  <reporter-output>
  </reporter-output>
  <suite started-at="2019-12-21T20:52:19 IST" name="Default suite" finished-at="2019-12-21T20:52:26 IST" duration-ms="7476">
    <groups>
    </groups>
    <test started-at="2019-12-21T20:52:19 IST" name="Default test" finished-at="2019-12-21T20:52:26 IST" duration-ms="7476">
      <class name="BasicSelenium.BasicTestNG">
        <test-method is-config="true" signature="setup()[pri:0, instance:BasicSelenium.BasicTestNG@290d210d]" started-at="2019-12-21T20:52:19 IST" name="setup" finished-at="2019-12-21T20:52:24 IST" duration-ms="5074" status="PASS">
          <reporter-output>
          </reporter-output>
        </test-method> <!-- setup -->
        <test-method signature="gettitle()[pri:1, instance:BasicSelenium.BasicTestNG@290d210d]" started-at="2019-12-21T20:52:24 IST" name="gettitle" finished-at="2019-12-21T20:52:24 IST" duration-ms="17" status="PASS">
          <reporter-output>
          </reporter-output>
        </test-method> <!-- gettitle -->
        <test-method signature="URL()[pri:2, instance:BasicSelenium.BasicTestNG@290d210d]" started-at="2019-12-21T20:52:24 IST" name="URL" finished-at="2019-12-21T20:52:24 IST" duration-ms="10" status="PASS">
          <reporter-output>
          </reporter-output>
        </test-method> <!-- URL -->
        <test-method is-config="true" signature="closebrowser()[pri:0, instance:BasicSelenium.BasicTestNG@290d210d]" started-at="2019-12-21T20:52:24 IST" name="closebrowser" finished-at="2019-12-21T20:52:26 IST" duration-ms="2325" status="PASS">
          <reporter-output>
          </reporter-output>
        </test-method> <!-- closebrowser -->
      </class> <!-- BasicSelenium.BasicTestNG -->
    </test> <!-- Default test -->
  </suite> <!-- Default suite -->
</testng-results>
